<?xml version="1.0" encoding="UTF-8"?>
<!-- Generated by org.testng.reporters.JUnitXMLReporter -->
<testsuite ignored="0" hostname="DESKTOP-H32C6ON" failures="0" tests="5" name="Default test" time="43.379" errors="0" timestamp="2025-04-09T16:35:05 IST">
  <testcase classname="Vendor_invitation.test_class" name="login" time="2.462"/>
  <testcase classname="Vendor_invitation.test_class" name="fill_details" time="11.776"/>
  <testcase classname="Vendor_invitation.test_class" name="key_contact" time="2.816"/>
  <testcase classname="Vendor_invitation.test_class" name="dec_names" time="1.786"/>
  <testcase classname="Vendor_invitation.test_class" name="financial_info" time="18.041"/>
</testsuite> <!-- Default test -->
