<?xml version="1.0" encoding="UTF-8"?>
<testng-results ignored="0" total="5" passed="5" failed="0" skipped="0">
  <reporter-output>
  </reporter-output>
  <suite started-at="2025-04-09T16:34:21 IST" name="Default suite" finished-at="2025-04-09T16:35:05 IST" duration-ms="43379">
    <groups>
    </groups>
    <test started-at="2025-04-09T16:34:21 IST" name="Default test" finished-at="2025-04-09T16:35:05 IST" duration-ms="43379">
      <class name="Vendor_invitation.test_class">
        <test-method is-config="true" signature="set_up()[pri:0, instance:Vendor_invitation.test_class@55141def]" started-at="2025-04-09T16:34:21 IST" name="set_up" finished-at="2025-04-09T16:34:27 IST" duration-ms="6261" status="PASS">
          <reporter-output>
          </reporter-output>
        </test-method> <!-- set_up -->
        <test-method signature="login()[pri:1, instance:Vendor_invitation.test_class@55141def]" started-at="2025-04-09T16:34:27 IST" name="login" finished-at="2025-04-09T16:34:30 IST" duration-ms="2462" status="PASS">
          <reporter-output>
          </reporter-output>
        </test-method> <!-- login -->
        <test-method signature="fill_details()[pri:2, instance:Vendor_invitation.test_class@55141def]" started-at="2025-04-09T16:34:30 IST" name="fill_details" finished-at="2025-04-09T16:34:42 IST" duration-ms="11776" status="PASS">
          <reporter-output>
          </reporter-output>
        </test-method> <!-- fill_details -->
        <test-method signature="key_contact()[pri:3, instance:Vendor_invitation.test_class@55141def]" started-at="2025-04-09T16:34:42 IST" name="key_contact" finished-at="2025-04-09T16:34:45 IST" duration-ms="2816" status="PASS">
          <reporter-output>
          </reporter-output>
        </test-method> <!-- key_contact -->
        <test-method signature="dec_names()[pri:4, instance:Vendor_invitation.test_class@55141def]" started-at="2025-04-09T16:34:45 IST" name="dec_names" finished-at="2025-04-09T16:34:46 IST" duration-ms="1786" status="PASS">
          <reporter-output>
          </reporter-output>
        </test-method> <!-- dec_names -->
        <test-method signature="financial_info()[pri:5, instance:Vendor_invitation.test_class@55141def]" started-at="2025-04-09T16:34:46 IST" name="financial_info" finished-at="2025-04-09T16:35:04 IST" duration-ms="18041" status="PASS">
          <reporter-output>
          </reporter-output>
        </test-method> <!-- financial_info -->
        <test-method is-config="true" signature="close()[pri:0, instance:Vendor_invitation.test_class@55141def]" started-at="2025-04-09T16:35:04 IST" name="close" finished-at="2025-04-09T16:35:05 IST" duration-ms="143" status="PASS">
          <reporter-output>
          </reporter-output>
        </test-method> <!-- close -->
      </class> <!-- Vendor_invitation.test_class -->
    </test> <!-- Default test -->
  </suite> <!-- Default suite -->
</testng-results>
