<?xml version="1.0" encoding="UTF-8"?>
<!-- Generated by org.testng.reporters.JUnitXMLReporter -->
<testsuite ignored="0" hostname="DESKTOP-H32C6ON" failures="0" tests="3" name="Default test" time="20.989" errors="0" timestamp="2025-04-11T16:04:26 IST">
  <testcase classname="adding_modules.test_class" name="add_inco_terms" time="7.086"/>
  <testcase classname="adding_modules.test_class" name="add_cost_center" time="4.071"/>
  <testcase classname="adding_modules.test_class" name="add_address" time="5.332"/>
</testsuite> <!-- Default test -->
