<?xml version="1.0" encoding="UTF-8"?>
<testng-results ignored="0" total="3" passed="3" failed="0" skipped="0">
  <reporter-output>
  </reporter-output>
  <suite started-at="2025-04-11T16:04:05 IST" name="Default suite" finished-at="2025-04-11T16:04:26 IST" duration-ms="20989">
    <groups>
    </groups>
    <test started-at="2025-04-11T16:04:05 IST" name="Default test" finished-at="2025-04-11T16:04:26 IST" duration-ms="20989">
      <class name="adding_modules.test_class">
        <test-method is-config="true" signature="set_up()[pri:0, instance:adding_modules.test_class@55141def]" started-at="2025-04-11T16:04:05 IST" name="set_up" finished-at="2025-04-11T16:04:09 IST" duration-ms="4324" status="PASS">
          <reporter-output>
          </reporter-output>
        </test-method> <!-- set_up -->
        <test-method signature="add_inco_terms()[pri:1, instance:adding_modules.test_class@55141def]" started-at="2025-04-11T16:04:09 IST" name="add_inco_terms" finished-at="2025-04-11T16:04:16 IST" duration-ms="7086" status="PASS">
          <reporter-output>
          </reporter-output>
        </test-method> <!-- add_inco_terms -->
        <test-method signature="add_cost_center()[pri:2, instance:adding_modules.test_class@55141def]" started-at="2025-04-11T16:04:16 IST" name="add_cost_center" finished-at="2025-04-11T16:04:20 IST" duration-ms="4071" status="PASS">
          <reporter-output>
          </reporter-output>
        </test-method> <!-- add_cost_center -->
        <test-method signature="add_address()[pri:3, instance:adding_modules.test_class@55141def]" started-at="2025-04-11T16:04:20 IST" name="add_address" finished-at="2025-04-11T16:04:25 IST" duration-ms="5332" status="PASS">
          <reporter-output>
          </reporter-output>
        </test-method> <!-- add_address -->
        <test-method is-config="true" signature="close()[pri:0, instance:adding_modules.test_class@55141def]" started-at="2025-04-11T16:04:25 IST" name="close" finished-at="2025-04-11T16:04:26 IST" duration-ms="112" status="PASS">
          <reporter-output>
          </reporter-output>
        </test-method> <!-- close -->
      </class> <!-- adding_modules.test_class -->
    </test> <!-- Default test -->
  </suite> <!-- Default suite -->
</testng-results>
